<?xml version="1.0" encoding="UTF-8"?>
<!-- Generated by org.testng.reporters.JUnitReportReporter -->
<testsuite hostname="ACER" failures="0" tests="8" name="TestNGPack6.TestNGHome" time="311.475" errors="0" timestamp="2023-04-04T21:12:43 IST" skipped="0">
  <testcase classname="TestNGPack6.TestNGHome" name="VerifyHomePageTEXT" time="22.083"/>
  <system-out/>
  <testcase classname="TestNGPack6.TestNGHome" name="VerifyHomePageTEXT" time="21.560"/>
  <system-out/>
  <testcase classname="TestNGPack6.TestNGHome" name="VerifytheTextOfSpiritsPage" time="70.600"/>
  <system-out/>
  <testcase classname="TestNGPack6.TestNGHome" name="VerifytheTextOfSpiritsPage" time="73.045"/>
  <system-out/>
  <testcase classname="TestNGPack6.TestNGHome" name="VerifyUserIsAbleClickOnVodkaFlavouredTab" time="26.979"/>
  <system-out/>
  <testcase classname="TestNGPack6.TestNGHome" name="VerifyUserIsAbleClickOnVodkaFlavouredTab" time="31.473"/>
  <system-out/>
  <testcase classname="TestNGPack6.TestNGHome" name="VerifyUserIsNotAbleWithoutLoginGoOnPaymentPage" time="32.909"/>
  <system-out/>
  <testcase classname="TestNGPack6.TestNGHome" name="VerifyUserIsNotAbleWithoutLoginGoOnPaymentPage" time="32.826"/>
  <system-out/>
</testsuite> <!-- TestNGPack6.TestNGHome -->
