<?xml version="1.0" encoding="UTF-8"?>
<!-- Generated by org.testng.reporters.JUnitReportReporter -->
<testsuite hostname="ACER" failures="0" tests="2" name="TestNGPack6.TestNGSearch" time="153.280" errors="0" timestamp="2023-04-04T23:11:50 IST" skipped="0">
  <testcase classname="TestNGPack6.TestNGSearch" name="VerifyUserIsPassWhiskeyThenAllText" time="68.622"/>
  <system-out/>
  <testcase classname="TestNGPack6.TestNGSearch" name="VerifyUserIsPassWhiskeyThenAllText" time="84.658"/>
  <system-out/>
</testsuite> <!-- TestNGPack6.TestNGSearch -->
